<?xml version="1.0" encoding="UTF-8"?>
<!-- Generated by org.testng.reporters.JUnitReportReporter -->
<testsuite hostname="DESKTOP-KADQSSG" failures="0" tests="1" name="GroupingPractice.TestCase2" time="0.005" errors="0" timestamp="2022-09-23T14:48:36 IST" skipped="0">
  <testcase classname="GroupingPractice.TestCase2" name="Test4" time="0.005"/>
  <system-out/>
</testsuite> <!-- GroupingPractice.TestCase2 -->
