<?xml version="1.0" encoding="UTF-8"?>
<!-- Generated by org.testng.reporters.JUnitReportReporter -->
<testsuite hostname="DESKTOP-KADQSSG" failures="0" tests="2" name="TestNGKeywords.TimeoutsKeywordPractice" time="3.035" errors="0" timestamp="2022-09-22T12:01:28 IST" skipped="0">
  <testcase classname="TestNGKeywords.TimeoutsKeywordPractice" name="HomePageTest" time="3.028"/>
  <system-out/>
  <testcase classname="TestNGKeywords.TimeoutsKeywordPractice" name="NotificationPageTest" time="0.007"/>
  <system-out/>
</testsuite> <!-- TestNGKeywords.TimeoutsKeywordPractice -->
