<?xml version="1.0" encoding="UTF-8"?>
<!-- Generated by org.testng.reporters.JUnitReportReporter -->
<testsuite hostname="DESKTOP-KADQSSG" failures="0" tests="3" name="TestNGBasics.BeforeMethodAfterMethodPractice" time="0.033" errors="0" timestamp="2022-09-20T21:09:07 IST" skipped="0">
  <testcase classname="TestNGBasics.BeforeMethodAfterMethodPractice" name="profilepage" time="0.011"/>
  <system-out>
    <![CDATA[Checking the profilepage]]>
  </system-out>
  <testcase classname="TestNGBasics.BeforeMethodAfterMethodPractice" name="notification" time="0.012"/>
  <system-out>
    <![CDATA[Checking the noticification]]>
  </system-out>
  <testcase classname="TestNGBasics.BeforeMethodAfterMethodPractice" name="homepage" time="0.010"/>
  <system-out>
    <![CDATA[Checking the homepage]]>
  </system-out>
</testsuite> <!-- TestNGBasics.BeforeMethodAfterMethodPractice -->
