<?xml version="1.0" encoding="UTF-8"?>
<!-- Generated by org.testng.reporters.JUnitReportReporter -->
<testsuite hostname="DESKTOP-KADQSSG" failures="0" tests="3" name="TestNGBasics.ClassAnnotationPractice" time="0.017" errors="0" timestamp="2022-09-20T21:35:41 IST" skipped="0">
  <testcase classname="TestNGBasics.ClassAnnotationPractice" name="profilepage" time="0.010"/>
  <system-out>
    <![CDATA[Checking the profilepage]]>
  </system-out>
  <testcase classname="TestNGBasics.ClassAnnotationPractice" name="notification" time="0.003"/>
  <system-out>
    <![CDATA[Checking the notification]]>
  </system-out>
  <testcase classname="TestNGBasics.ClassAnnotationPractice" name="homepage" time="0.004"/>
  <system-out>
    <![CDATA[Checking the homepage]]>
  </system-out>
</testsuite> <!-- TestNGBasics.ClassAnnotationPractice -->
