<?xml version="1.0" encoding="UTF-8"?>
<!-- Generated by org.testng.reporters.JUnitReportReporter -->
<testsuite hostname="DESKTOP-KADQSSG" failures="0" tests="6" name="TestNGKeywords.InvocationCountPractice" time="0.033" errors="0" timestamp="2022-09-22T11:39:47 IST" skipped="0">
  <testcase classname="TestNGKeywords.InvocationCountPractice" name="HomePageTest" time="0.010"/>
  <system-out/>
  <testcase classname="TestNGKeywords.InvocationCountPractice" name="NotificationPageTest" time="0.005"/>
  <system-out/>
  <testcase classname="TestNGKeywords.InvocationCountPractice" name="NotificationPageTest" time="0.005"/>
  <system-out/>
  <testcase classname="TestNGKeywords.InvocationCountPractice" name="NotificationPageTest" time="0.005"/>
  <system-out/>
  <testcase classname="TestNGKeywords.InvocationCountPractice" name="NotificationPageTest" time="0.005"/>
  <system-out/>
  <testcase classname="TestNGKeywords.InvocationCountPractice" name="NotificationPageTest" time="0.003"/>
  <system-out/>
</testsuite> <!-- TestNGKeywords.InvocationCountPractice -->
