<?xml version="1.0" encoding="UTF-8"?>
<!-- Generated by org.testng.reporters.JUnitReportReporter -->
<testsuite hostname="DESKTOP-KADQSSG" failures="0" tests="5" name="TestNGKeywords.InvocationCountWithThreadPoolSizePractice" time="217.777" errors="0" timestamp="2022-09-22T12:10:42 IST" skipped="0">
  <testcase classname="TestNGKeywords.InvocationCountWithThreadPoolSizePractice" name="OpenBrowser" time="43.538"/>
  <system-out/>
  <testcase classname="TestNGKeywords.InvocationCountWithThreadPoolSizePractice" name="OpenBrowser" time="43.537"/>
  <system-out/>
  <testcase classname="TestNGKeywords.InvocationCountWithThreadPoolSizePractice" name="OpenBrowser" time="43.551"/>
  <system-out/>
  <testcase classname="TestNGKeywords.InvocationCountWithThreadPoolSizePractice" name="OpenBrowser" time="43.560"/>
  <system-out/>
  <testcase classname="TestNGKeywords.InvocationCountWithThreadPoolSizePractice" name="OpenBrowser" time="43.591"/>
  <system-out/>
</testsuite> <!-- TestNGKeywords.InvocationCountWithThreadPoolSizePractice -->
