<?xml version="1.0" encoding="UTF-8"?>
<!-- Generated by org.testng.reporters.JUnitReportReporter -->
<testsuite hostname="DESKTOP-KADQSSG" failures="0" tests="3" name="SuiteAnnotationPractice.TestCase1" time="0.014" errors="0" timestamp="2022-09-22T11:28:01 IST" skipped="0">
  <testcase classname="SuiteAnnotationPractice.TestCase1" name="m3" time="0.003"/>
  <system-out/>
  <testcase classname="SuiteAnnotationPractice.TestCase1" name="m1" time="0.009"/>
  <system-out/>
  <testcase classname="SuiteAnnotationPractice.TestCase1" name="m2" time="0.002"/>
  <system-out/>
</testsuite> <!-- SuiteAnnotationPractice.TestCase1 -->
