<?xml version="1.0" encoding="UTF-8"?>
<!-- Generated by org.testng.reporters.JUnitReportReporter -->
<testsuite hostname="DESKTOP-KADQSSG" failures="0" tests="1" name="PomAndPageFactoryPractice.FacebookLoginTestPage" time="1.667" errors="0" timestamp="2022-10-08T10:53:04 IST" skipped="0">
  <testcase classname="PomAndPageFactoryPractice.FacebookLoginTestPage" name="FacebookLoginPageTest" time="1.667"/>
  <system-out>
    <![CDATA[VerifyFacebookLoginPageLogo
VerifyFacebookLoginPageTagline
VerifyFacebookLoginPageEmailAdderssOrMobnoField
VerifyFacebookLoginPagePassawordField
ClickFacebookLoginPageSigninBtn
VerifyFacebookLoginPageForgotPassawordLink
VerifyFacebookLoginPageCreateNewAccountBtn
VerifyFacebookLoginPageFooterLinkSize]]>
  </system-out>
</testsuite> <!-- PomAndPageFactoryPractice.FacebookLoginTestPage -->
