<?xml version="1.0" encoding="UTF-8"?>
<!-- Generated by org.testng.reporters.JUnitReportReporter -->
<testsuite hostname="DESKTOP-KADQSSG" failures="0" tests="3" name="TestNGKeywords.EnableKeywordPractice" time="0.013" errors="0" timestamp="2022-09-22T11:46:10 IST" skipped="1">
  <testcase classname="TestNGKeywords.EnableKeywordPractice" name="SettingPageTest" time="0.009"/>
  <system-out/>
  <testcase classname="TestNGKeywords.EnableKeywordPractice" name="HomePageTest" time="0.004"/>
  <system-out/>
  <testcase classname="TestNGKeywords.EnableKeywordPractice" name="NotificationPageTest">
    <skipped/>
  </testcase> <!-- NotificationPageTest -->
  <system-out/>
</testsuite> <!-- TestNGKeywords.EnableKeywordPractice -->
