<?xml version="1.0" encoding="UTF-8"?>
<!-- Generated by org.testng.reporters.JUnitReportReporter -->
<testsuite hostname="DESKTOP-KADQSSG" failures="0" tests="3" name="TestNGBasics.Introduction" time="0.018" errors="0" timestamp="2022-09-19T14:37:58 IST" skipped="0">
  <testcase classname="TestNGBasics.Introduction" name="openUrl" time="0.014"/>
  <system-out/>
  <testcase classname="TestNGBasics.Introduction" name="login" time="0.002"/>
  <system-out/>
  <testcase classname="TestNGBasics.Introduction" name="logout" time="0.002"/>
  <system-out/>
</testsuite> <!-- TestNGBasics.Introduction -->
