<?xml version="1.0" encoding="UTF-8"?>
<!-- Generated by org.testng.reporters.JUnitReportReporter -->
<testsuite hostname="DESKTOP-KADQSSG" failures="0" tests="1" name="GroupingPractice.TestCase3" time="0.002" errors="0" timestamp="2022-09-23T14:48:36 IST" skipped="0">
  <testcase classname="GroupingPractice.TestCase3" name="Test7" time="0.002"/>
  <system-out/>
</testsuite> <!-- GroupingPractice.TestCase3 -->
