<?xml version="1.0" encoding="UTF-8"?>
<!-- Generated by org.testng.reporters.JUnitReportReporter -->
<testsuite hostname="DESKTOP-KADQSSG" failures="0" tests="1" name="PomAndPageFactoryPractice.RegistrationPageTest" time="4.037" errors="0" timestamp="2022-10-03T14:52:33 IST" skipped="0">
  <testcase classname="PomAndPageFactoryPractice.RegistrationPageTest" name="RegistrationPageTest_Positive" time="4.037"/>
  <system-out/>
</testsuite> <!-- PomAndPageFactoryPractice.RegistrationPageTest -->
