<?xml version="1.0" encoding="UTF-8"?>
<!-- Generated by org.testng.reporters.JUnitReportReporter -->
<testsuite hostname="DESKTOP-KADQSSG" failures="0" tests="3" name="TestNGBasics.TestCase1" time="0.031" errors="0" timestamp="2022-09-21T16:29:33 IST" skipped="0">
  <testcase classname="TestNGBasics.TestCase1" name="m3" time="0.006"/>
  <system-out/>
  <testcase classname="TestNGBasics.TestCase1" name="m1" time="0.008"/>
  <system-out/>
  <testcase classname="TestNGBasics.TestCase1" name="m2" time="0.017"/>
  <system-out/>
</testsuite> <!-- TestNGBasics.TestCase1 -->
