<?xml version="1.0" encoding="UTF-8"?>
<!-- Generated by org.testng.reporters.JUnitReportReporter -->
<testsuite hostname="DESKTOP-KADQSSG" failures="0" tests="1" name="VerificationPractice.AssertClass" time="0.016" errors="0" timestamp="2022-09-26T11:49:58 IST" skipped="0">
  <testcase classname="VerificationPractice.AssertClass" name="test" time="0.016"/>
  <system-out/>
</testsuite> <!-- VerificationPractice.AssertClass -->
