<?xml version="1.0" encoding="UTF-8"?>
<!-- Generated by org.testng.reporters.JUnitReportReporter -->
<testsuite hostname="DESKTOP-KADQSSG" failures="0" tests="3" name="SuiteAnnotationPractice.TestCase2" time="0.007" errors="0" timestamp="2022-09-22T11:28:01 IST" skipped="0">
  <testcase classname="SuiteAnnotationPractice.TestCase2" name="m4" time="0.002"/>
  <system-out/>
  <testcase classname="SuiteAnnotationPractice.TestCase2" name="m5" time="0.003"/>
  <system-out/>
  <testcase classname="SuiteAnnotationPractice.TestCase2" name="m6" time="0.002"/>
  <system-out/>
</testsuite> <!-- SuiteAnnotationPractice.TestCase2 -->
