<?xml version="1.0" encoding="UTF-8"?>
<!-- Generated by org.testng.reporters.JUnitReportReporter -->
<testsuite hostname="DESKTOP-KADQSSG" failures="0" tests="1" name="GroupingPractice.TestCase1" time="0.007" errors="0" timestamp="2022-09-23T14:48:36 IST" skipped="0">
  <testcase classname="GroupingPractice.TestCase1" name="Test1" time="0.007"/>
  <system-out/>
</testsuite> <!-- GroupingPractice.TestCase1 -->
