<?xml version="1.0" encoding="UTF-8"?>
<!-- Generated by org.testng.reporters.JUnitReportReporter -->
<testsuite hostname="DESKTOP-KADQSSG" failures="0" tests="3" name="TestNGBasics.TestCase2" time="0.022" errors="0" timestamp="2022-09-21T16:29:33 IST" skipped="0">
  <testcase classname="TestNGBasics.TestCase2" name="m4" time="0.004"/>
  <system-out/>
  <testcase classname="TestNGBasics.TestCase2" name="m5" time="0.010"/>
  <system-out/>
  <testcase classname="TestNGBasics.TestCase2" name="m6" time="0.008"/>
  <system-out/>
</testsuite> <!-- TestNGBasics.TestCase2 -->
